This is pdfTeX, Version 3.141592-1.40.3 (MiKTeX 2.6) (preloaded format=pdflatex 2007.5.20)  20 MAY 2007 19:51
entering extended mode
**C:/_Y/R/test/bla.tex
(C:\_Y\R\test\bla.tex
LaTeX2e <2005/12/01>
Babel <v3.8g> and hyphenation patterns for english, dumylang, nohyphenation, ge
rman, ngerman, french, slovenian, loaded.
("C:\Program Files\MiKTeX 2.6\tex\latex\base\letter.cls"
Document Class: letter 1999/04/29 v1.2z Standard LaTeX document class
("C:\Program Files\MiKTeX 2.6\tex\latex\base\size12.clo"
File: size12.clo 2005/09/16 v1.4f Standard LaTeX file (size option)
)
\longindentation=\dimen102
\indentedwidth=\dimen103
\labelcount=\count79
)
("C:\Program Files\MiKTeX 2.6\tex\generic\babel\babel.sty"
Package: babel 2005/05/21 v3.8g The Babel package

*************************************
* Local config file bblopts.cfg used
*
("C:\Program Files\MiKTeX 2.6\tex\latex\00miktex\bblopts.cfg"
File: bblopts.cfg 2006/07/31 v1.0 MiKTeX 'babel' configuration
)
("C:\Program Files\MiKTeX 2.6\tex\generic\babel\slovene.ldf"
Language: slovene 2005/03/31 v1.2m Slovene support from the babel system

("C:\Program Files\MiKTeX 2.6\tex\generic\babel\babel.def"
File: babel.def 2005/05/21 v3.8g Babel common definitions
\babel@savecnt=\count80
\U@D=\dimen104
)

Package babel Warning: No hyphenation patterns were loaded for
(babel)                the language `Slovene'
(babel)                I will use the patterns loaded for \language=0 instead.

\l@slovene = a dialect from \language0
Package babel Info: Making " an active character on input line 79.
)) (bla.aux)
LaTeX Font Info:    Checking defaults for OML/cmm/m/it on input line 15.
LaTeX Font Info:    ... okay on input line 15.
LaTeX Font Info:    Checking defaults for T1/cmr/m/n on input line 15.
LaTeX Font Info:    ... okay on input line 15.
LaTeX Font Info:    Checking defaults for OT1/cmr/m/n on input line 15.
LaTeX Font Info:    ... okay on input line 15.
LaTeX Font Info:    Checking defaults for OMS/cmsy/m/n on input line 15.
LaTeX Font Info:    ... okay on input line 15.
LaTeX Font Info:    Checking defaults for OMX/cmex/m/n on input line 15.
LaTeX Font Info:    ... okay on input line 15.
LaTeX Font Info:    Checking defaults for U/cmr/m/n on input line 15.
LaTeX Font Info:    ... okay on input line 15.
LaTeX Font Info:    External font `cmex10' loaded for size
(Font)              <12> on input line 23.
LaTeX Font Info:    External font `cmex10' loaded for size
(Font)              <8> on input line 23.
LaTeX Font Info:    External font `cmex10' loaded for size
(Font)              <6> on input line 23.
Missing character: There is no š in font cmr12!
 [1

{psfonts.map}] (bla.aux) ) 
Here is how much of TeX's memory you used:
 518 strings out of 95289
 5522 string characters out of 1184914
 54776 words of memory out of 1058451
 3750 multiletter control sequences out of 60000
 6376 words of font info for 23 fonts, out of 1000000 for 2000
 14 hyphenation exceptions out of 8191
 26i,6n,28p,184b,132s stack positions out of 5000i,500n,10000p,200000b,32768s
<C:/Program Files/MiKTeX 2.6/fonts/type1/bluesky/cm/c
mr12.pfb>
Output written on bla.pdf (1 page, 10943 bytes).
PDF statistics:
 10 PDF objects out of 300000 (max. 8388607)
 0 named destinations out of 300000 (max. 131072)
 1 words of extra memory for PDF output out of 65536 (max. 10000000)

